<?xml version="1.0" encoding="UTF-8"?>
<!-- Generated by org.testng.reporters.JUnitReportReporter -->
<testsuite hostname="LAPTOP-M13IRKBK" failures="0" tests="2" name="testCase.LoginTest" time="1.349" errors="0" timestamp="2024-05-11T09:58:20 IST" skipped="0">
  <testcase classname="testCase.LoginTest" name="verifyPageTitle" time="0.064"/>
  <system-out/>
  <testcase classname="testCase.LoginTest" name="loginToApp" time="1.285"/>
  <system-out/>
</testsuite> <!-- testCase.LoginTest -->
